  stdafx.cpp
  Texture.cpp
c:\users\ionut\desktop\am\gameengine\newtrainingframework_2015\newtrainingframework\globals.h(12): warning C4018: '<': signed/unsigned mismatch
c:\users\ionut\desktop\am\gameengine\newtrainingframework_2015\newtrainingframework\globals.h(22): warning C4996: 'strcpy': This function or variable may be unsafe. Consider using strcpy_s instead. To disable deprecation, use _CRT_SECURE_NO_WARNINGS. See online help for details.
  c:\program files (x86)\windows kits\10\include\10.0.16299.0\ucrt\string.h(136): note: see declaration of 'strcpy'
c:\users\ionut\desktop\am\gameengine\newtrainingframework_2015\newtrainingframework\globals.h(32): warning C4244: 'return': conversion from 'double' to 'float', possible loss of data
  TerrainObject.cpp
c:\users\ionut\desktop\am\gameengine\newtrainingframework_2015\newtrainingframework\globals.h(12): warning C4018: '<': signed/unsigned mismatch
c:\users\ionut\desktop\am\gameengine\newtrainingframework_2015\newtrainingframework\globals.h(22): warning C4996: 'strcpy': This function or variable may be unsafe. Consider using strcpy_s instead. To disable deprecation, use _CRT_SECURE_NO_WARNINGS. See online help for details.
  c:\program files (x86)\windows kits\10\include\10.0.16299.0\ucrt\string.h(136): note: see declaration of 'strcpy'
c:\users\ionut\desktop\am\gameengine\newtrainingframework_2015\newtrainingframework\globals.h(32): warning C4244: 'return': conversion from 'double' to 'float', possible loss of data
c:\users\ionut\desktop\am\gameengine\newtrainingframework_2015\newtrainingframework\terrainobject.cpp(38): warning C4244: '=': conversion from 'int' to 'float', possible loss of data
c:\users\ionut\desktop\am\gameengine\newtrainingframework_2015\newtrainingframework\terrainobject.cpp(82): warning C4244: 'argument': conversion from 'int' to 'GLfloat', possible loss of data
  SkyBox.cpp
c:\users\ionut\desktop\am\gameengine\newtrainingframework_2015\newtrainingframework\globals.h(12): warning C4018: '<': signed/unsigned mismatch
c:\users\ionut\desktop\am\gameengine\newtrainingframework_2015\newtrainingframework\globals.h(22): warning C4996: 'strcpy': This function or variable may be unsafe. Consider using strcpy_s instead. To disable deprecation, use _CRT_SECURE_NO_WARNINGS. See online help for details.
  c:\program files (x86)\windows kits\10\include\10.0.16299.0\ucrt\string.h(136): note: see declaration of 'strcpy'
c:\users\ionut\desktop\am\gameengine\newtrainingframework_2015\newtrainingframework\globals.h(32): warning C4244: 'return': conversion from 'double' to 'float', possible loss of data
  Shader.cpp
c:\users\ionut\desktop\am\gameengine\newtrainingframework_2015\newtrainingframework\globals.h(12): warning C4018: '<': signed/unsigned mismatch
c:\users\ionut\desktop\am\gameengine\newtrainingframework_2015\newtrainingframework\globals.h(22): warning C4996: 'strcpy': This function or variable may be unsafe. Consider using strcpy_s instead. To disable deprecation, use _CRT_SECURE_NO_WARNINGS. See online help for details.
  c:\program files (x86)\windows kits\10\include\10.0.16299.0\ucrt\string.h(136): note: see declaration of 'strcpy'
c:\users\ionut\desktop\am\gameengine\newtrainingframework_2015\newtrainingframework\globals.h(32): warning C4244: 'return': conversion from 'double' to 'float', possible loss of data
  SceneObject.cpp
c:\users\ionut\desktop\am\gameengine\newtrainingframework_2015\newtrainingframework\globals.h(12): warning C4018: '<': signed/unsigned mismatch
c:\users\ionut\desktop\am\gameengine\newtrainingframework_2015\newtrainingframework\globals.h(22): warning C4996: 'strcpy': This function or variable may be unsafe. Consider using strcpy_s instead. To disable deprecation, use _CRT_SECURE_NO_WARNINGS. See online help for details.
  c:\program files (x86)\windows kits\10\include\10.0.16299.0\ucrt\string.h(136): note: see declaration of 'strcpy'
c:\users\ionut\desktop\am\gameengine\newtrainingframework_2015\newtrainingframework\globals.h(32): warning C4244: 'return': conversion from 'double' to 'float', possible loss of data
  SceneManager.cpp
c:\users\ionut\desktop\am\gameengine\newtrainingframework_2015\newtrainingframework\globals.h(12): warning C4018: '<': signed/unsigned mismatch
c:\users\ionut\desktop\am\gameengine\newtrainingframework_2015\newtrainingframework\globals.h(22): warning C4996: 'strcpy': This function or variable may be unsafe. Consider using strcpy_s instead. To disable deprecation, use _CRT_SECURE_NO_WARNINGS. See online help for details.
  c:\program files (x86)\windows kits\10\include\10.0.16299.0\ucrt\string.h(136): note: see declaration of 'strcpy'
c:\users\ionut\desktop\am\gameengine\newtrainingframework_2015\newtrainingframework\globals.h(32): warning C4244: 'return': conversion from 'double' to 'float', possible loss of data
  ResourceManager.cpp
c:\users\ionut\desktop\am\gameengine\newtrainingframework_2015\newtrainingframework\globals.h(12): warning C4018: '<': signed/unsigned mismatch
c:\users\ionut\desktop\am\gameengine\newtrainingframework_2015\newtrainingframework\globals.h(22): warning C4996: 'strcpy': This function or variable may be unsafe. Consider using strcpy_s instead. To disable deprecation, use _CRT_SECURE_NO_WARNINGS. See online help for details.
  c:\program files (x86)\windows kits\10\include\10.0.16299.0\ucrt\string.h(136): note: see declaration of 'strcpy'
c:\users\ionut\desktop\am\gameengine\newtrainingframework_2015\newtrainingframework\globals.h(32): warning C4244: 'return': conversion from 'double' to 'float', possible loss of data
  NewTrainingFramework.cpp
c:\users\ionut\desktop\am\gameengine\newtrainingframework_2015\newtrainingframework\globals.h(12): warning C4018: '<': signed/unsigned mismatch
c:\users\ionut\desktop\am\gameengine\newtrainingframework_2015\newtrainingframework\globals.h(22): warning C4996: 'strcpy': This function or variable may be unsafe. Consider using strcpy_s instead. To disable deprecation, use _CRT_SECURE_NO_WARNINGS. See online help for details.
  c:\program files (x86)\windows kits\10\include\10.0.16299.0\ucrt\string.h(136): note: see declaration of 'strcpy'
c:\users\ionut\desktop\am\gameengine\newtrainingframework_2015\newtrainingframework\globals.h(32): warning C4244: 'return': conversion from 'double' to 'float', possible loss of data
c:\users\ionut\desktop\am\gameengine\newtrainingframework_2015\newtrainingframework\newtrainingframework.cpp(40): warning C4305: '-=': truncation from 'double' to 'float'
  Model.cpp
c:\users\ionut\desktop\am\gameengine\newtrainingframework_2015\newtrainingframework\globals.h(12): warning C4018: '<': signed/unsigned mismatch
c:\users\ionut\desktop\am\gameengine\newtrainingframework_2015\newtrainingframework\globals.h(22): warning C4996: 'strcpy': This function or variable may be unsafe. Consider using strcpy_s instead. To disable deprecation, use _CRT_SECURE_NO_WARNINGS. See online help for details.
  c:\program files (x86)\windows kits\10\include\10.0.16299.0\ucrt\string.h(136): note: see declaration of 'strcpy'
c:\users\ionut\desktop\am\gameengine\newtrainingframework_2015\newtrainingframework\globals.h(32): warning C4244: 'return': conversion from 'double' to 'float', possible loss of data
c:\users\ionut\desktop\am\gameengine\newtrainingframework_2015\newtrainingframework\model.cpp(35): warning C4018: '>=': signed/unsigned mismatch
c:\users\ionut\desktop\am\gameengine\newtrainingframework_2015\newtrainingframework\model.cpp(37): warning C4244: '+=': conversion from 'double' to 'int', possible loss of data
c:\users\ionut\desktop\am\gameengine\newtrainingframework_2015\newtrainingframework\model.cpp(152): warning C4018: '>=': signed/unsigned mismatch
c:\users\ionut\desktop\am\gameengine\newtrainingframework_2015\newtrainingframework\model.cpp(154): warning C4244: '+=': conversion from 'double' to 'int', possible loss of data
c:\users\ionut\desktop\am\gameengine\newtrainingframework_2015\newtrainingframework\model.cpp(178): warning C4018: '>=': signed/unsigned mismatch
c:\users\ionut\desktop\am\gameengine\newtrainingframework_2015\newtrainingframework\model.cpp(180): warning C4244: '+=': conversion from 'double' to 'int', possible loss of data
  Light.cpp
c:\users\ionut\desktop\am\gameengine\newtrainingframework_2015\newtrainingframework\globals.h(12): warning C4018: '<': signed/unsigned mismatch
c:\users\ionut\desktop\am\gameengine\newtrainingframework_2015\newtrainingframework\globals.h(22): warning C4996: 'strcpy': This function or variable may be unsafe. Consider using strcpy_s instead. To disable deprecation, use _CRT_SECURE_NO_WARNINGS. See online help for details.
  c:\program files (x86)\windows kits\10\include\10.0.16299.0\ucrt\string.h(136): note: see declaration of 'strcpy'
c:\users\ionut\desktop\am\gameengine\newtrainingframework_2015\newtrainingframework\globals.h(32): warning C4244: 'return': conversion from 'double' to 'float', possible loss of data
  Fire.cpp
c:\users\ionut\desktop\am\gameengine\newtrainingframework_2015\newtrainingframework\globals.h(12): warning C4018: '<': signed/unsigned mismatch
c:\users\ionut\desktop\am\gameengine\newtrainingframework_2015\newtrainingframework\globals.h(22): warning C4996: 'strcpy': This function or variable may be unsafe. Consider using strcpy_s instead. To disable deprecation, use _CRT_SECURE_NO_WARNINGS. See online help for details.
  c:\program files (x86)\windows kits\10\include\10.0.16299.0\ucrt\string.h(136): note: see declaration of 'strcpy'
c:\users\ionut\desktop\am\gameengine\newtrainingframework_2015\newtrainingframework\globals.h(32): warning C4244: 'return': conversion from 'double' to 'float', possible loss of data
  FileReader.cpp
c:\program files (x86)\windows kits\10\include\10.0.16299.0\ucrt\crtdbg.h(302): warning C4005: '_malloca': macro redefinition
  c:\program files (x86)\windows kits\10\include\10.0.16299.0\ucrt\malloc.h(121): note: see previous definition of '_malloca'
c:\users\ionut\desktop\am\gameengine\newtrainingframework_2015\newtrainingframework\filereader.cpp(33): warning C4018: '>=': signed/unsigned mismatch
c:\users\ionut\desktop\am\gameengine\newtrainingframework_2015\newtrainingframework\filereader.cpp(35): warning C4244: '+=': conversion from 'double' to 'int', possible loss of data
c:\users\ionut\desktop\am\gameengine\newtrainingframework_2015\newtrainingframework\filereader.cpp(150): warning C4018: '>=': signed/unsigned mismatch
c:\users\ionut\desktop\am\gameengine\newtrainingframework_2015\newtrainingframework\filereader.cpp(152): warning C4244: '+=': conversion from 'double' to 'int', possible loss of data
c:\users\ionut\desktop\am\gameengine\newtrainingframework_2015\newtrainingframework\filereader.cpp(176): warning C4018: '>=': signed/unsigned mismatch
c:\users\ionut\desktop\am\gameengine\newtrainingframework_2015\newtrainingframework\filereader.cpp(178): warning C4244: '+=': conversion from 'double' to 'int', possible loss of data
  Camera.cpp
c:\users\ionut\desktop\am\gameengine\newtrainingframework_2015\newtrainingframework\globals.h(12): warning C4018: '<': signed/unsigned mismatch
c:\users\ionut\desktop\am\gameengine\newtrainingframework_2015\newtrainingframework\globals.h(22): warning C4996: 'strcpy': This function or variable may be unsafe. Consider using strcpy_s instead. To disable deprecation, use _CRT_SECURE_NO_WARNINGS. See online help for details.
  c:\program files (x86)\windows kits\10\include\10.0.16299.0\ucrt\string.h(136): note: see declaration of 'strcpy'
c:\users\ionut\desktop\am\gameengine\newtrainingframework_2015\newtrainingframework\globals.h(32): warning C4244: 'return': conversion from 'double' to 'float', possible loss of data
  Generating Code...
c:\users\ionut\desktop\am\gameengine\newtrainingframework_2015\newtrainingframework\scenemanager.cpp(30): warning C4715: 'SceneManager::getCamera': not all control paths return a value
c:\users\ionut\desktop\am\gameengine\newtrainingframework_2015\newtrainingframework\scenemanager.cpp(52): warning C4715: 'SceneManager::getActiveCamera': not all control paths return a value
Camera.obj : warning LNK4075: ignoring '/EDITANDCONTINUE' due to '/SAFESEH' specification
  NewTrainingFramework.vcxproj -> C:\Users\Ionut\Desktop\AM\GameEngine\NewTrainingFramework_2015\\BIN-Nvidia\NewTrainingFramework.exe
